Arguments: 
  C:\Program Files\nodejs\node.exe C:\Users\84888\AppData\Roaming\npm\node_modules\yarn\bin\yarn.js install

PATH: 
  C:\Program Files\Common Files\Oracle\Java\javapath;C:\WINDOWS\system32;C:\WINDOWS;C:\WINDOWS\System32\Wbem;C:\WINDOWS\System32\WindowsPowerShell\v1.0\;C:\WINDOWS\System32\OpenSSH\;C:\Program Files\dotnet\;C:\Program Files\Microsoft SQL Server\Client SDK\ODBC\170\Tools\Binn\;C:\Program Files\Git\cmd;C:\Users\84888\AppData\Roaming\nvm;C:\Program Files\nodejs;C:\Program Files\Java\jdk-17\bin;C:\Program Files\apache-maven-3.9.1\bin;C:\Users\84888\AppData\Local\Microsoft\WindowsApps;C:\Users\84888\.dotnet\tools;C:\Program Files\dotnet\sdk\5.0.401;C:\msys64\mingw64\bin;C:\Program Files\Java\jdk-17\bin;C:\Users\84888\AppData\Local\Programs\Microsoft VS Code\bin;C:\Users\84888\AppData\Roaming\npm;C:\xampp\php;C:\Users\84888\AppData\Roaming\nvm;C:\Program Files\nodejs

Yarn version: 
  1.22.19

Node version: 
  16.17.0

Platform: 
  win32 x64

Trace: 
  Error: https://registry.yarnpkg.com/date-fns/-/date-fns-2.30.0.tgz: ESOCKETTIMEDOUT
      at ClientRequest.<anonymous> (C:\Users\84888\AppData\Roaming\npm\node_modules\yarn\lib\cli.js:141517:19)
      at Object.onceWrapper (node:events:627:28)
      at ClientRequest.emit (node:events:513:28)
      at TLSSocket.emitRequestTimeout (node:_http_client:814:9)
      at Object.onceWrapper (node:events:627:28)
      at TLSSocket.emit (node:events:525:35)
      at TLSSocket.Socket._onTimeout (node:net:526:8)
      at listOnTimeout (node:internal/timers:559:17)
      at processTimers (node:internal/timers:502:7)

npm manifest: 
  {
      "name": "swapface",
      "version": "0.1.0",
      "private": true,
      "dependencies": {
          "@fortawesome/fontawesome-svg-core": "^6.4.0",
          "@fortawesome/free-regular-svg-icons": "^6.4.0",
          "@fortawesome/free-solid-svg-icons": "^6.4.0",
          "@testing-library/jest-dom": "^5.16.5",
          "@testing-library/react": "^13.4.0",
          "@testing-library/user-event": "^13.5.0",
          "axios": "^1.3.6",
          "date-fns": "^2.30.0",
          "date-fns-tz": "^2.0.0",
          "face-api.js": "^0.22.2",
          "firebase": "^9.21.0",
          "history": "^5.3.0",
          "imgbb-uploader": "^1.3.5",
          "mysql": "^2.18.1",
          "react": "^18.2.0",
          "react-dom": "^18.2.0",
          "react-icons": "^4.8.0",
          "react-loading": "^2.0.3",
          "react-router": "^6.12.1",
          "react-router-dom": "^6.12.1",
          "react-scripts": "5.0.1",
          "react-slick": "^0.29.0",
          "react-toastify": "^9.1.3",
          "sass": "^1.57.1",
          "slick-carousel": "^1.8.1",
          "web-vitals": "^2.1.4",
          "zustand": "^4.3.8"
      },
      "scripts": {
          "start": "react-scripts start",
          "build": "react-scripts build",
          "test": "react-scripts test",
          "eject": "react-scripts eject",
          "predeploy": "react-scripts build",
          "deploy": "gh-pages -d build"
      },
      "eslintConfig": {
          "extends": [
              "react-app",
              "react-app/jest"
          ]
      },
      "browserslist": {
          "production": [
              ">0.2%",
              "not dead",
              "not op_mini all"
          ],
          "development": [
              "last 1 chrome version",
              "last 1 firefox version",
              "last 1 safari version"
          ]
      },
      "devDependencies": {
          "file-loader": "^6.2.0",
          "gh-pages": "^5.0.0",
          "tailwindcss": "^3.3.2"
      }
  }

yarn manifest: 
  No manifest

Lockfile: 
  No lockfile
